have_func: checking for srand()... -------------------- yes

"cc -o conftest -I. -I/usr/lib/ruby/1.8/i486-linux -I.  -DVERSION=\"1.5.8\" -fno-strict-aliasing -g -g -O2  -fPIC -I. -Wall conftest.c  -L"." -L"/usr/lib" -L. -Wl,-Bsymbolic-functions -rdynamic -Wl,-export-dynamic     -lruby1.8-static  -lpthread -ldl -lcrypt -lm   -lc"
conftest.c: In function 't':
conftest.c:3: error: 'srand' undeclared (first use in this function)
conftest.c:3: error: (Each undeclared identifier is reported only once
conftest.c:3: error: for each function it appears in.)
checked program was:
/* begin */
1: /*top*/
2: int main() { return 0; }
3: int t() { void ((*volatile p)()); p = (void ((*)()))srand; return 0; }
/* end */

"cc -o conftest -I. -I/usr/lib/ruby/1.8/i486-linux -I.  -DVERSION=\"1.5.8\" -fno-strict-aliasing -g -g -O2  -fPIC -I. -Wall conftest.c  -L"." -L"/usr/lib" -L. -Wl,-Bsymbolic-functions -rdynamic -Wl,-export-dynamic     -lruby1.8-static  -lpthread -ldl -lcrypt -lm   -lc"
conftest.c: In function 't':
conftest.c:3: warning: implicit declaration of function 'srand'
checked program was:
/* begin */
1: /*top*/
2: int main() { return 0; }
3: int t() { srand(); return 0; }
/* end */

--------------------

have_func: checking for random()... -------------------- yes

"cc -o conftest -I. -I/usr/lib/ruby/1.8/i486-linux -I.  -DVERSION=\"1.5.8\" -fno-strict-aliasing -g -g -O2  -fPIC -I. -Wall conftest.c  -L"." -L"/usr/lib" -L. -Wl,-Bsymbolic-functions -rdynamic -Wl,-export-dynamic     -lruby1.8-static  -lpthread -ldl -lcrypt -lm   -lc"
conftest.c: In function 't':
conftest.c:3: error: 'random' undeclared (first use in this function)
conftest.c:3: error: (Each undeclared identifier is reported only once
conftest.c:3: error: for each function it appears in.)
checked program was:
/* begin */
1: /*top*/
2: int main() { return 0; }
3: int t() { void ((*volatile p)()); p = (void ((*)()))random; return 0; }
/* end */

"cc -o conftest -I. -I/usr/lib/ruby/1.8/i486-linux -I.  -DVERSION=\"1.5.8\" -fno-strict-aliasing -g -g -O2  -fPIC -I. -Wall conftest.c  -L"." -L"/usr/lib" -L. -Wl,-Bsymbolic-functions -rdynamic -Wl,-export-dynamic     -lruby1.8-static  -lpthread -ldl -lcrypt -lm   -lc"
conftest.c: In function 't':
conftest.c:3: warning: implicit declaration of function 'random'
checked program was:
/* begin */
1: /*top*/
2: int main() { return 0; }
3: int t() { random(); return 0; }
/* end */

--------------------

have_func: checking for bzero() in string.h,strings.h... -------------------- yes

"cc -o conftest -I. -I/usr/lib/ruby/1.8/i486-linux -I.  -DVERSION=\"1.5.8\" -fno-strict-aliasing -g -g -O2  -fPIC -I. -Wall conftest.c  -L"." -L"/usr/lib" -L. -Wl,-Bsymbolic-functions -rdynamic -Wl,-export-dynamic     -lruby1.8-static  -lpthread -ldl -lcrypt -lm   -lc"
checked program was:
/* begin */
1: #include <string.h>
2: #include <strings.h>
3: 
4: /*top*/
5: int main() { return 0; }
6: int t() { void ((*volatile p)()); p = (void ((*)()))bzero; return 0; }
/* end */

--------------------

have_func: checking for strcasecmp()... -------------------- yes

"cc -o conftest -I. -I/usr/lib/ruby/1.8/i486-linux -I.  -DVERSION=\"1.5.8\" -fno-strict-aliasing -g -g -O2  -fPIC -I. -Wall conftest.c  -L"." -L"/usr/lib" -L. -Wl,-Bsymbolic-functions -rdynamic -Wl,-export-dynamic     -lruby1.8-static  -lpthread -ldl -lcrypt -lm   -lc"
conftest.c: In function 't':
conftest.c:3: error: 'strcasecmp' undeclared (first use in this function)
conftest.c:3: error: (Each undeclared identifier is reported only once
conftest.c:3: error: for each function it appears in.)
checked program was:
/* begin */
1: /*top*/
2: int main() { return 0; }
3: int t() { void ((*volatile p)()); p = (void ((*)()))strcasecmp; return 0; }
/* end */

"cc -o conftest -I. -I/usr/lib/ruby/1.8/i486-linux -I.  -DVERSION=\"1.5.8\" -fno-strict-aliasing -g -g -O2  -fPIC -I. -Wall conftest.c  -L"." -L"/usr/lib" -L. -Wl,-Bsymbolic-functions -rdynamic -Wl,-export-dynamic     -lruby1.8-static  -lpthread -ldl -lcrypt -lm   -lc"
conftest.c: In function 't':
conftest.c:3: warning: implicit declaration of function 'strcasecmp'
conftest.c:3: warning: statement with no effect
checked program was:
/* begin */
1: /*top*/
2: int main() { return 0; }
3: int t() { strcasecmp(); return 0; }
/* end */

--------------------

have_func: checking for strncasecmp()... -------------------- yes

"cc -o conftest -I. -I/usr/lib/ruby/1.8/i486-linux -I.  -DVERSION=\"1.5.8\" -fno-strict-aliasing -g -g -O2  -fPIC -I. -Wall conftest.c  -L"." -L"/usr/lib" -L. -Wl,-Bsymbolic-functions -rdynamic -Wl,-export-dynamic     -lruby1.8-static  -lpthread -ldl -lcrypt -lm   -lc"
conftest.c: In function 't':
conftest.c:3: error: 'strncasecmp' undeclared (first use in this function)
conftest.c:3: error: (Each undeclared identifier is reported only once
conftest.c:3: error: for each function it appears in.)
checked program was:
/* begin */
1: /*top*/
2: int main() { return 0; }
3: int t() { void ((*volatile p)()); p = (void ((*)()))strncasecmp; return 0; }
/* end */

"cc -o conftest -I. -I/usr/lib/ruby/1.8/i486-linux -I.  -DVERSION=\"1.5.8\" -fno-strict-aliasing -g -g -O2  -fPIC -I. -Wall conftest.c  -L"." -L"/usr/lib" -L. -Wl,-Bsymbolic-functions -rdynamic -Wl,-export-dynamic     -lruby1.8-static  -lpthread -ldl -lcrypt -lm   -lc"
conftest.c: In function 't':
conftest.c:3: warning: implicit declaration of function 'strncasecmp'
conftest.c:3: warning: statement with no effect
checked program was:
/* begin */
1: /*top*/
2: int main() { return 0; }
3: int t() { strncasecmp(); return 0; }
/* end */

--------------------

have_header: checking for mkdio.h... -------------------- yes

"cc -E -I. -I/usr/lib/ruby/1.8/i486-linux -I.  -DVERSION=\"1.5.8\" -fno-strict-aliasing -g -g -O2  -fPIC -I. -Wall  conftest.c -o conftest.i"
checked program was:
/* begin */
1: #include <mkdio.h>
/* end */

--------------------

have_header: checking for ruby/encoding.h... -------------------- no

"cc -E -I. -I/usr/lib/ruby/1.8/i486-linux -I.  -DVERSION=\"1.5.8\" -fno-strict-aliasing -g -g -O2  -fPIC -I. -Wall  conftest.c -o conftest.i"
conftest.c:1:27: error: ruby/encoding.h: No such file or directory
checked program was:
/* begin */
1: #include <ruby/encoding.h>
/* end */

--------------------

